[13-Sep-2022 20:02:52] NOTICE: fpm is running, pid 39259
[13-Sep-2022 20:02:52] NOTICE: ready to handle connections
[13-Sep-2022 20:06:41] NOTICE: Terminating ...
[13-Sep-2022 20:06:41] NOTICE: Terminating ...
[13-Sep-2022 20:06:41] NOTICE: exiting, bye-bye!
[15-Sep-2022 17:10:30] NOTICE: fpm is running, pid 80509
[15-Sep-2022 17:10:30] NOTICE: ready to handle connections
[15-Sep-2022 17:12:40] NOTICE: Terminating ...
[15-Sep-2022 17:12:40] NOTICE: Terminating ...
[15-Sep-2022 17:12:40] NOTICE: exiting, bye-bye!
[15-Sep-2022 17:12:46] NOTICE: fpm is running, pid 80829
[15-Sep-2022 17:12:46] NOTICE: ready to handle connections
[15-Sep-2022 17:16:23] NOTICE: Terminating ...
[15-Sep-2022 17:16:23] NOTICE: Terminating ...
[15-Sep-2022 17:16:23] NOTICE: exiting, bye-bye!
[15-Sep-2022 17:23:41] NOTICE: fpm is running, pid 81658
[15-Sep-2022 17:23:41] NOTICE: ready to handle connections
[15-Sep-2022 17:23:54] NOTICE: Terminating ...
[15-Sep-2022 17:23:54] NOTICE: Terminating ...
[15-Sep-2022 17:23:54] NOTICE: exiting, bye-bye!
[15-Sep-2022 17:24:47] NOTICE: fpm is running, pid 81793
[15-Sep-2022 17:24:47] NOTICE: ready to handle connections
[15-Sep-2022 19:59:15] NOTICE: Terminating ...
[15-Sep-2022 19:59:15] NOTICE: Terminating ...
[15-Sep-2022 19:59:15] NOTICE: exiting, bye-bye!
[15-Sep-2022 19:59:19] NOTICE: fpm is running, pid 92488
[15-Sep-2022 19:59:19] NOTICE: ready to handle connections
[15-Sep-2022 20:28:37] NOTICE: Terminating ...
[15-Sep-2022 20:28:37] NOTICE: Terminating ...
[15-Sep-2022 20:28:37] NOTICE: exiting, bye-bye!
[15-Sep-2022 20:28:40] NOTICE: fpm is running, pid 94878
[15-Sep-2022 20:28:40] NOTICE: ready to handle connections
[15-Sep-2022 20:54:36] NOTICE: Terminating ...
[15-Sep-2022 20:54:36] NOTICE: Terminating ...
[15-Sep-2022 20:54:36] NOTICE: exiting, bye-bye!
[15-Sep-2022 20:54:40] NOTICE: fpm is running, pid 96998
[15-Sep-2022 20:54:40] NOTICE: ready to handle connections
[15-Sep-2022 21:46:16] NOTICE: Terminating ...
[15-Sep-2022 21:46:16] NOTICE: Terminating ...
[15-Sep-2022 21:46:16] NOTICE: exiting, bye-bye!
[15-Sep-2022 21:46:19] NOTICE: fpm is running, pid 10306
[15-Sep-2022 21:46:19] NOTICE: ready to handle connections
[15-Sep-2022 22:30:12] NOTICE: Terminating ...
[15-Sep-2022 22:30:12] NOTICE: Terminating ...
[15-Sep-2022 22:30:12] NOTICE: exiting, bye-bye!
[16-Sep-2022 10:02:28] NOTICE: fpm is running, pid 32811
[16-Sep-2022 10:02:28] NOTICE: ready to handle connections
[16-Sep-2022 12:59:17] NOTICE: Terminating ...
[16-Sep-2022 12:59:17] NOTICE: Terminating ...
[16-Sep-2022 12:59:17] NOTICE: exiting, bye-bye!
[16-Sep-2022 12:59:21] NOTICE: fpm is running, pid 48777
[16-Sep-2022 12:59:21] NOTICE: ready to handle connections
[16-Sep-2022 14:08:00] NOTICE: Terminating ...
[16-Sep-2022 14:08:00] NOTICE: Terminating ...
[16-Sep-2022 14:08:00] NOTICE: exiting, bye-bye!
[16-Sep-2022 14:08:02] NOTICE: fpm is running, pid 53459
[16-Sep-2022 14:08:02] NOTICE: ready to handle connections
[19-Sep-2022 18:27:07] NOTICE: fpm is running, pid 40256
[19-Sep-2022 18:27:07] NOTICE: ready to handle connections
[20-Sep-2022 09:56:14] NOTICE: Terminating ...
[20-Sep-2022 09:56:14] NOTICE: Terminating ...
[20-Sep-2022 09:56:14] NOTICE: exiting, bye-bye!
[20-Sep-2022 19:02:49] NOTICE: fpm is running, pid 96361
[20-Sep-2022 19:02:49] NOTICE: ready to handle connections
[21-Sep-2022 01:23:22] NOTICE: Terminating ...
[21-Sep-2022 01:23:22] NOTICE: Terminating ...
[21-Sep-2022 01:23:22] NOTICE: exiting, bye-bye!
[21-Sep-2022 15:34:25] NOTICE: fpm is running, pid 59982
[21-Sep-2022 15:34:25] NOTICE: ready to handle connections
[21-Sep-2022 17:41:29] NOTICE: Terminating ...
[21-Sep-2022 17:41:29] NOTICE: Terminating ...
[21-Sep-2022 17:41:29] NOTICE: exiting, bye-bye!
[21-Sep-2022 17:41:32] NOTICE: fpm is running, pid 70630
[21-Sep-2022 17:41:32] NOTICE: ready to handle connections
[21-Sep-2022 18:05:28] NOTICE: Terminating ...
[21-Sep-2022 18:05:28] NOTICE: Terminating ...
[21-Sep-2022 18:05:28] NOTICE: exiting, bye-bye!
[21-Sep-2022 18:05:30] NOTICE: fpm is running, pid 72168
[21-Sep-2022 18:05:30] NOTICE: ready to handle connections
[21-Sep-2022 22:56:08] NOTICE: Terminating ...
[21-Sep-2022 22:56:08] NOTICE: Terminating ...
[21-Sep-2022 22:56:08] NOTICE: exiting, bye-bye!
[21-Sep-2022 22:56:12] NOTICE: fpm is running, pid 90167
[21-Sep-2022 22:56:13] NOTICE: ready to handle connections
[21-Sep-2022 23:03:58] NOTICE: Terminating ...
[21-Sep-2022 23:03:58] NOTICE: Terminating ...
[21-Sep-2022 23:03:58] NOTICE: exiting, bye-bye!
[21-Sep-2022 23:04:01] NOTICE: fpm is running, pid 90835
[21-Sep-2022 23:04:01] NOTICE: ready to handle connections
[21-Sep-2022 23:18:55] NOTICE: Terminating ...
[21-Sep-2022 23:18:55] NOTICE: Terminating ...
[21-Sep-2022 23:18:55] NOTICE: exiting, bye-bye!
[22-Sep-2022 14:19:05] NOTICE: fpm is running, pid 37748
[22-Sep-2022 14:19:05] NOTICE: ready to handle connections
[22-Sep-2022 16:58:45] NOTICE: Terminating ...
[22-Sep-2022 16:58:45] NOTICE: Terminating ...
[22-Sep-2022 16:58:45] NOTICE: exiting, bye-bye!
[22-Sep-2022 19:40:36] NOTICE: fpm is running, pid 54884
[22-Sep-2022 19:40:36] NOTICE: ready to handle connections
[22-Sep-2022 22:12:11] NOTICE: Terminating ...
[22-Sep-2022 22:12:11] NOTICE: Terminating ...
[22-Sep-2022 22:12:11] NOTICE: exiting, bye-bye!
[23-Sep-2022 11:37:51] NOTICE: fpm is running, pid 5056
[23-Sep-2022 11:37:51] NOTICE: ready to handle connections
[23-Sep-2022 11:48:58] NOTICE: Terminating ...
[23-Sep-2022 11:48:58] NOTICE: Terminating ...
[23-Sep-2022 11:48:58] NOTICE: exiting, bye-bye!
[23-Sep-2022 11:49:01] NOTICE: fpm is running, pid 6012
[23-Sep-2022 11:49:01] NOTICE: ready to handle connections
[23-Sep-2022 12:09:18] NOTICE: Terminating ...
[23-Sep-2022 12:09:18] NOTICE: Terminating ...
[23-Sep-2022 12:09:18] NOTICE: exiting, bye-bye!
[23-Sep-2022 19:04:35] NOTICE: fpm is running, pid 35870
[23-Sep-2022 19:04:35] NOTICE: ready to handle connections
[23-Sep-2022 19:09:49] NOTICE: Terminating ...
[23-Sep-2022 19:09:49] NOTICE: Terminating ...
[23-Sep-2022 19:09:49] NOTICE: exiting, bye-bye!
[23-Sep-2022 19:09:56] NOTICE: fpm is running, pid 36278
[23-Sep-2022 19:09:56] NOTICE: ready to handle connections
[26-Sep-2022 19:07:54] NOTICE: fpm is running, pid 39016
[26-Sep-2022 19:07:54] NOTICE: ready to handle connections
[27-Sep-2022 01:15:24] NOTICE: Terminating ...
[27-Sep-2022 01:15:24] NOTICE: Terminating ...
[27-Sep-2022 01:15:24] NOTICE: exiting, bye-bye!
[27-Sep-2022 09:10:49] NOTICE: fpm is running, pid 74423
[27-Sep-2022 09:10:49] NOTICE: ready to handle connections
[27-Sep-2022 11:04:36] NOTICE: Terminating ...
[27-Sep-2022 11:04:36] NOTICE: Terminating ...
[27-Sep-2022 11:04:36] NOTICE: exiting, bye-bye!
[27-Sep-2022 15:19:42] NOTICE: fpm is running, pid 96795
[27-Sep-2022 15:19:42] NOTICE: ready to handle connections
[27-Sep-2022 18:28:52] NOTICE: Terminating ...
[27-Sep-2022 18:28:52] NOTICE: Terminating ...
[27-Sep-2022 18:28:52] NOTICE: exiting, bye-bye!
[29-Sep-2022 12:45:04] NOTICE: fpm is running, pid 95502
[29-Sep-2022 12:45:04] NOTICE: ready to handle connections
[29-Sep-2022 23:45:30] NOTICE: Terminating ...
[29-Sep-2022 23:45:30] NOTICE: Terminating ...
[29-Sep-2022 23:45:30] NOTICE: exiting, bye-bye!
[03-Oct-2022 13:27:10] NOTICE: fpm is running, pid 56300
[03-Oct-2022 13:27:10] NOTICE: ready to handle connections
[03-Oct-2022 14:02:34] NOTICE: Terminating ...
[03-Oct-2022 14:02:34] NOTICE: Terminating ...
[03-Oct-2022 14:02:34] NOTICE: exiting, bye-bye!
[03-Oct-2022 14:02:37] NOTICE: fpm is running, pid 58524
[03-Oct-2022 14:02:37] NOTICE: ready to handle connections
[03-Oct-2022 23:15:59] NOTICE: Terminating ...
[03-Oct-2022 23:15:59] NOTICE: Terminating ...
[03-Oct-2022 23:15:59] NOTICE: exiting, bye-bye!
[04-Oct-2022 19:04:03] NOTICE: fpm is running, pid 53540
[04-Oct-2022 19:04:03] NOTICE: ready to handle connections
[04-Oct-2022 20:02:05] NOTICE: Terminating ...
[04-Oct-2022 20:02:05] NOTICE: Terminating ...
[04-Oct-2022 20:02:05] NOTICE: exiting, bye-bye!
[04-Oct-2022 20:02:09] NOTICE: fpm is running, pid 57285
[04-Oct-2022 20:02:09] NOTICE: ready to handle connections
[04-Oct-2022 20:03:36] NOTICE: Terminating ...
[04-Oct-2022 20:03:36] NOTICE: Terminating ...
[04-Oct-2022 20:03:36] NOTICE: exiting, bye-bye!
[04-Oct-2022 20:03:40] NOTICE: fpm is running, pid 57508
[04-Oct-2022 20:03:40] NOTICE: ready to handle connections
[04-Oct-2022 22:14:45] NOTICE: Terminating ...
[04-Oct-2022 22:14:45] NOTICE: Terminating ...
[04-Oct-2022 22:14:45] NOTICE: exiting, bye-bye!
[09-Oct-2022 13:13:49] NOTICE: fpm is running, pid 19144
[09-Oct-2022 13:13:49] NOTICE: ready to handle connections
[09-Oct-2022 19:15:19] NOTICE: Terminating ...
[09-Oct-2022 19:15:19] NOTICE: Terminating ...
[09-Oct-2022 19:15:19] NOTICE: exiting, bye-bye!
[09-Oct-2022 19:15:21] NOTICE: fpm is running, pid 41034
[09-Oct-2022 19:15:21] NOTICE: ready to handle connections
[09-Oct-2022 22:03:54] NOTICE: Terminating ...
[09-Oct-2022 22:03:54] NOTICE: Terminating ...
[09-Oct-2022 22:03:54] NOTICE: exiting, bye-bye!
[10-Oct-2022 13:10:12] NOTICE: fpm is running, pid 94370
[10-Oct-2022 13:10:12] NOTICE: ready to handle connections
[10-Oct-2022 16:16:21] NOTICE: Terminating ...
[10-Oct-2022 16:16:21] NOTICE: Terminating ...
[10-Oct-2022 16:16:21] NOTICE: exiting, bye-bye!
[10-Oct-2022 16:16:24] NOTICE: fpm is running, pid 6305
[10-Oct-2022 16:16:24] NOTICE: ready to handle connections
[10-Oct-2022 16:19:43] NOTICE: Terminating ...
[10-Oct-2022 16:19:43] NOTICE: Terminating ...
[10-Oct-2022 16:19:43] NOTICE: exiting, bye-bye!
[10-Oct-2022 16:19:53] NOTICE: fpm is running, pid 6541
[10-Oct-2022 16:19:53] NOTICE: ready to handle connections
[10-Oct-2022 16:22:31] NOTICE: Terminating ...
[10-Oct-2022 16:22:31] NOTICE: Terminating ...
[10-Oct-2022 16:22:31] NOTICE: exiting, bye-bye!
[10-Oct-2022 16:30:48] NOTICE: fpm is running, pid 7366
[10-Oct-2022 16:30:48] NOTICE: ready to handle connections
[10-Oct-2022 16:32:35] NOTICE: Terminating ...
[10-Oct-2022 16:32:35] NOTICE: Terminating ...
[10-Oct-2022 16:32:35] NOTICE: exiting, bye-bye!
[10-Oct-2022 16:36:39] NOTICE: fpm is running, pid 7790
[10-Oct-2022 16:36:39] NOTICE: ready to handle connections
[10-Oct-2022 16:38:27] NOTICE: Terminating ...
[10-Oct-2022 16:38:27] NOTICE: Terminating ...
[10-Oct-2022 16:38:27] NOTICE: exiting, bye-bye!
[10-Oct-2022 17:08:41] NOTICE: fpm is running, pid 9701
[10-Oct-2022 17:08:41] NOTICE: ready to handle connections
[10-Oct-2022 17:21:24] NOTICE: Terminating ...
[10-Oct-2022 17:21:24] NOTICE: Terminating ...
[10-Oct-2022 17:21:24] NOTICE: exiting, bye-bye!
[10-Oct-2022 17:21:32] NOTICE: fpm is running, pid 10505
[10-Oct-2022 17:21:32] NOTICE: ready to handle connections
[10-Oct-2022 17:25:22] NOTICE: Terminating ...
[10-Oct-2022 17:25:22] NOTICE: Terminating ...
[10-Oct-2022 17:25:22] NOTICE: exiting, bye-bye!
[10-Oct-2022 19:14:24] NOTICE: fpm is running, pid 4331
[10-Oct-2022 19:14:24] NOTICE: ready to handle connections
[11-Oct-2022 00:49:55] NOTICE: Terminating ...
[11-Oct-2022 00:49:55] NOTICE: Terminating ...
[11-Oct-2022 00:49:55] NOTICE: exiting, bye-bye!
[11-Oct-2022 12:09:35] NOTICE: fpm is running, pid 59519
[11-Oct-2022 12:09:35] NOTICE: ready to handle connections
[11-Oct-2022 13:32:51] NOTICE: Terminating ...
[11-Oct-2022 13:32:51] NOTICE: Terminating ...
[11-Oct-2022 13:32:51] NOTICE: exiting, bye-bye!
[11-Oct-2022 14:27:58] NOTICE: fpm is running, pid 74423
[11-Oct-2022 14:27:58] NOTICE: ready to handle connections
[11-Oct-2022 15:09:55] NOTICE: Terminating ...
[11-Oct-2022 15:09:55] NOTICE: Terminating ...
[11-Oct-2022 15:09:55] NOTICE: exiting, bye-bye!
[11-Oct-2022 23:10:48] NOTICE: fpm is running, pid 2120
[11-Oct-2022 23:10:48] NOTICE: ready to handle connections
[12-Oct-2022 04:15:54] NOTICE: Terminating ...
[12-Oct-2022 04:15:54] NOTICE: Terminating ...
[12-Oct-2022 04:15:54] NOTICE: exiting, bye-bye!
[12-Oct-2022 18:00:27] NOTICE: fpm is running, pid 63851
[12-Oct-2022 18:00:27] NOTICE: ready to handle connections
[12-Oct-2022 18:03:07] NOTICE: Terminating ...
[12-Oct-2022 18:03:07] NOTICE: Terminating ...
[12-Oct-2022 18:03:07] NOTICE: exiting, bye-bye!
[12-Oct-2022 18:33:57] NOTICE: fpm is running, pid 66011
[12-Oct-2022 18:33:57] NOTICE: ready to handle connections
[12-Oct-2022 19:00:43] NOTICE: Terminating ...
[12-Oct-2022 19:00:43] NOTICE: Terminating ...
[12-Oct-2022 19:00:43] NOTICE: exiting, bye-bye!
[12-Oct-2022 19:00:45] NOTICE: fpm is running, pid 67602
[12-Oct-2022 19:00:45] NOTICE: ready to handle connections
[12-Oct-2022 19:10:12] NOTICE: Terminating ...
[12-Oct-2022 19:10:12] NOTICE: Terminating ...
[12-Oct-2022 19:10:12] NOTICE: exiting, bye-bye!
[16-Oct-2022 15:08:51] NOTICE: fpm is running, pid 24392
[16-Oct-2022 15:08:51] NOTICE: ready to handle connections
[16-Oct-2022 18:44:44] NOTICE: Terminating ...
[16-Oct-2022 18:44:44] NOTICE: Terminating ...
[16-Oct-2022 18:44:44] NOTICE: exiting, bye-bye!
[18-Oct-2022 21:01:19] NOTICE: fpm is running, pid 37257
[18-Oct-2022 21:01:19] NOTICE: ready to handle connections
[18-Oct-2022 21:01:22] NOTICE: Terminating ...
[18-Oct-2022 21:01:22] NOTICE: Terminating ...
[18-Oct-2022 21:01:22] NOTICE: exiting, bye-bye!
[20-Oct-2022 13:37:01] NOTICE: fpm is running, pid 59968
[20-Oct-2022 13:37:01] NOTICE: ready to handle connections
[20-Oct-2022 13:40:52] NOTICE: Terminating ...
[20-Oct-2022 13:40:52] NOTICE: Terminating ...
[20-Oct-2022 13:40:52] NOTICE: exiting, bye-bye!
[22-Oct-2022 15:18:43] NOTICE: fpm is running, pid 48341
[22-Oct-2022 15:18:43] NOTICE: ready to handle connections
[22-Oct-2022 15:23:42] NOTICE: Terminating ...
[22-Oct-2022 15:23:42] NOTICE: Terminating ...
[22-Oct-2022 15:23:42] NOTICE: exiting, bye-bye!
[22-Oct-2022 15:28:33] NOTICE: fpm is running, pid 49405
[22-Oct-2022 15:28:33] NOTICE: ready to handle connections
[23-Oct-2022 06:17:47] NOTICE: Terminating ...
[23-Oct-2022 06:17:47] NOTICE: Terminating ...
[23-Oct-2022 06:17:47] NOTICE: exiting, bye-bye!
[23-Oct-2022 12:48:25] NOTICE: fpm is running, pid 80972
[23-Oct-2022 12:48:25] NOTICE: ready to handle connections
[23-Oct-2022 15:22:04] NOTICE: Terminating ...
[23-Oct-2022 15:22:04] NOTICE: Terminating ...
[23-Oct-2022 15:22:04] NOTICE: exiting, bye-bye!
[23-Oct-2022 15:22:18] NOTICE: fpm is running, pid 92260
[23-Oct-2022 15:22:18] NOTICE: ready to handle connections
[23-Oct-2022 15:36:45] NOTICE: Terminating ...
[23-Oct-2022 15:36:45] NOTICE: Terminating ...
[23-Oct-2022 15:36:45] NOTICE: exiting, bye-bye!
[23-Oct-2022 15:36:47] NOTICE: fpm is running, pid 93484
[23-Oct-2022 15:36:47] NOTICE: ready to handle connections
[23-Oct-2022 18:39:49] NOTICE: Terminating ...
[23-Oct-2022 18:39:49] NOTICE: Terminating ...
[23-Oct-2022 18:39:49] NOTICE: exiting, bye-bye!
[23-Oct-2022 18:39:53] NOTICE: fpm is running, pid 2482
[23-Oct-2022 18:39:53] NOTICE: ready to handle connections
[23-Oct-2022 18:49:41] NOTICE: Terminating ...
[23-Oct-2022 18:49:41] NOTICE: Terminating ...
[23-Oct-2022 18:49:41] NOTICE: exiting, bye-bye!
[23-Oct-2022 18:49:56] NOTICE: fpm is running, pid 3351
[23-Oct-2022 18:49:56] NOTICE: ready to handle connections
[23-Oct-2022 18:57:55] NOTICE: Terminating ...
[23-Oct-2022 18:57:55] NOTICE: Terminating ...
[23-Oct-2022 18:57:55] NOTICE: exiting, bye-bye!
[23-Oct-2022 18:57:56] NOTICE: fpm is running, pid 4037
[23-Oct-2022 18:57:56] NOTICE: ready to handle connections
[23-Oct-2022 19:02:18] NOTICE: Terminating ...
[23-Oct-2022 19:02:18] NOTICE: Terminating ...
[23-Oct-2022 19:02:18] NOTICE: exiting, bye-bye!
[23-Oct-2022 19:02:20] NOTICE: fpm is running, pid 4380
[23-Oct-2022 19:02:20] NOTICE: ready to handle connections
[23-Oct-2022 19:06:49] NOTICE: Terminating ...
[23-Oct-2022 19:06:49] NOTICE: Terminating ...
[23-Oct-2022 19:06:49] NOTICE: exiting, bye-bye!
[23-Oct-2022 19:07:14] NOTICE: fpm is running, pid 4836
[23-Oct-2022 19:07:14] NOTICE: ready to handle connections
[23-Oct-2022 19:23:19] NOTICE: Terminating ...
[23-Oct-2022 19:23:19] NOTICE: Terminating ...
[23-Oct-2022 19:23:19] NOTICE: exiting, bye-bye!
[23-Oct-2022 19:23:21] NOTICE: fpm is running, pid 5949
[23-Oct-2022 19:23:21] NOTICE: ready to handle connections
[23-Oct-2022 23:45:52] NOTICE: Terminating ...
[23-Oct-2022 23:45:52] NOTICE: Terminating ...
[23-Oct-2022 23:45:52] NOTICE: exiting, bye-bye!
[23-Oct-2022 23:46:30] NOTICE: fpm is running, pid 22158
[23-Oct-2022 23:46:30] NOTICE: ready to handle connections
[24-Oct-2022 03:48:49] NOTICE: Terminating ...
[24-Oct-2022 03:48:49] NOTICE: Terminating ...
[24-Oct-2022 03:48:49] NOTICE: exiting, bye-bye!
[24-Oct-2022 03:48:52] NOTICE: fpm is running, pid 35485
[24-Oct-2022 03:48:52] NOTICE: ready to handle connections
[24-Oct-2022 03:52:36] NOTICE: Terminating ...
[24-Oct-2022 03:52:36] NOTICE: Terminating ...
[24-Oct-2022 03:52:36] NOTICE: exiting, bye-bye!
[24-Oct-2022 13:36:39] NOTICE: fpm is running, pid 52992
[24-Oct-2022 13:36:39] NOTICE: ready to handle connections
[24-Oct-2022 23:25:09] NOTICE: Terminating ...
[24-Oct-2022 23:25:09] NOTICE: Terminating ...
[24-Oct-2022 23:25:09] NOTICE: exiting, bye-bye!
[24-Oct-2022 23:27:07] NOTICE: fpm is running, pid 92585
[24-Oct-2022 23:27:07] NOTICE: ready to handle connections
[25-Oct-2022 00:25:58] NOTICE: Terminating ...
[25-Oct-2022 00:25:58] NOTICE: Terminating ...
[25-Oct-2022 00:25:58] NOTICE: exiting, bye-bye!
[25-Oct-2022 01:17:09] NOTICE: fpm is running, pid 3084
[25-Oct-2022 01:17:09] NOTICE: ready to handle connections
[25-Oct-2022 11:27:56] NOTICE: Terminating ...
[25-Oct-2022 11:27:56] NOTICE: Terminating ...
[25-Oct-2022 11:27:56] NOTICE: exiting, bye-bye!
[25-Oct-2022 15:43:36] NOTICE: fpm is running, pid 15455
[25-Oct-2022 15:43:36] NOTICE: ready to handle connections
[25-Oct-2022 22:21:01] NOTICE: Terminating ...
[25-Oct-2022 22:21:01] NOTICE: Terminating ...
[25-Oct-2022 22:21:01] NOTICE: exiting, bye-bye!
[25-Oct-2022 23:07:57] NOTICE: fpm is running, pid 43264
[25-Oct-2022 23:07:57] NOTICE: ready to handle connections
[25-Oct-2022 23:14:34] NOTICE: Terminating ...
[25-Oct-2022 23:14:34] NOTICE: Terminating ...
[25-Oct-2022 23:14:34] NOTICE: exiting, bye-bye!
[26-Oct-2022 02:27:18] NOTICE: fpm is running, pid 54468
[26-Oct-2022 02:27:18] NOTICE: ready to handle connections
[26-Oct-2022 02:28:21] NOTICE: Terminating ...
[26-Oct-2022 02:28:21] NOTICE: Terminating ...
[26-Oct-2022 02:28:21] NOTICE: exiting, bye-bye!
[26-Oct-2022 17:50:39] NOTICE: fpm is running, pid 86624
[26-Oct-2022 17:50:39] NOTICE: ready to handle connections
[26-Oct-2022 18:03:55] NOTICE: Terminating ...
[26-Oct-2022 18:03:55] NOTICE: Terminating ...
[26-Oct-2022 18:03:55] NOTICE: exiting, bye-bye!
[26-Oct-2022 18:05:07] NOTICE: fpm is running, pid 87753
[26-Oct-2022 18:05:07] NOTICE: ready to handle connections
[26-Oct-2022 18:07:33] NOTICE: Terminating ...
[26-Oct-2022 18:07:33] NOTICE: Terminating ...
[26-Oct-2022 18:07:33] NOTICE: exiting, bye-bye!
[26-Oct-2022 19:09:55] NOTICE: fpm is running, pid 91471
[26-Oct-2022 19:09:55] NOTICE: ready to handle connections
[26-Oct-2022 21:01:49] NOTICE: Terminating ...
[26-Oct-2022 21:01:49] NOTICE: Terminating ...
[26-Oct-2022 21:01:49] NOTICE: exiting, bye-bye!
[26-Oct-2022 21:02:07] NOTICE: fpm is running, pid 98853
[26-Oct-2022 21:02:07] NOTICE: ready to handle connections
[26-Oct-2022 21:15:20] NOTICE: Terminating ...
[26-Oct-2022 21:15:20] NOTICE: Terminating ...
[26-Oct-2022 21:15:20] NOTICE: exiting, bye-bye!
[26-Oct-2022 21:15:52] NOTICE: fpm is running, pid 99800
[26-Oct-2022 21:15:52] NOTICE: ready to handle connections
[26-Oct-2022 21:15:53] NOTICE: Terminating ...
[26-Oct-2022 21:15:53] NOTICE: Terminating ...
[26-Oct-2022 21:15:53] NOTICE: exiting, bye-bye!
[26-Oct-2022 21:15:58] NOTICE: fpm is running, pid 99859
[26-Oct-2022 21:15:58] NOTICE: ready to handle connections
[26-Oct-2022 21:25:01] NOTICE: Terminating ...
[26-Oct-2022 21:25:01] NOTICE: Terminating ...
[26-Oct-2022 21:25:01] NOTICE: exiting, bye-bye!
[26-Oct-2022 23:13:55] NOTICE: fpm is running, pid 7011
[26-Oct-2022 23:13:55] NOTICE: ready to handle connections
[26-Oct-2022 23:56:58] NOTICE: Terminating ...
[26-Oct-2022 23:56:58] NOTICE: Terminating ...
[26-Oct-2022 23:56:58] NOTICE: exiting, bye-bye!
[27-Oct-2022 02:10:46] NOTICE: fpm is running, pid 16856
[27-Oct-2022 02:10:46] NOTICE: ready to handle connections
[27-Oct-2022 04:07:36] NOTICE: Terminating ...
[27-Oct-2022 04:07:36] NOTICE: Terminating ...
[27-Oct-2022 04:07:36] NOTICE: exiting, bye-bye!
[27-Oct-2022 04:07:40] NOTICE: fpm is running, pid 24196
[27-Oct-2022 04:07:40] NOTICE: ready to handle connections
[27-Oct-2022 04:21:36] NOTICE: Terminating ...
[27-Oct-2022 04:21:36] NOTICE: Terminating ...
[27-Oct-2022 04:21:36] NOTICE: exiting, bye-bye!
[27-Oct-2022 04:21:42] NOTICE: fpm is running, pid 25039
[27-Oct-2022 04:21:42] NOTICE: ready to handle connections
[27-Oct-2022 08:49:38] NOTICE: Terminating ...
[27-Oct-2022 08:49:38] NOTICE: Terminating ...
[27-Oct-2022 08:49:38] NOTICE: exiting, bye-bye!
[27-Oct-2022 16:04:16] NOTICE: fpm is running, pid 55634
[27-Oct-2022 16:04:16] NOTICE: ready to handle connections
[27-Oct-2022 20:09:15] NOTICE: Terminating ...
[27-Oct-2022 20:09:15] NOTICE: Terminating ...
[27-Oct-2022 20:09:15] NOTICE: exiting, bye-bye!
[27-Oct-2022 20:16:07] NOTICE: fpm is running, pid 69840
[27-Oct-2022 20:16:07] NOTICE: ready to handle connections
[27-Oct-2022 23:01:04] NOTICE: Terminating ...
[27-Oct-2022 23:01:04] NOTICE: Terminating ...
[27-Oct-2022 23:01:04] NOTICE: exiting, bye-bye!
[27-Oct-2022 23:06:42] NOTICE: fpm is running, pid 80743
[27-Oct-2022 23:06:42] NOTICE: ready to handle connections
[28-Oct-2022 03:15:00] NOTICE: Terminating ...
[28-Oct-2022 03:15:00] NOTICE: Terminating ...
[28-Oct-2022 03:15:00] NOTICE: exiting, bye-bye!
[30-Oct-2022 14:07:27] NOTICE: fpm is running, pid 9454
[30-Oct-2022 14:07:27] NOTICE: ready to handle connections
[31-Oct-2022 03:19:30] NOTICE: Terminating ...
[31-Oct-2022 03:19:30] NOTICE: Terminating ...
[31-Oct-2022 03:19:30] NOTICE: exiting, bye-bye!
[31-Oct-2022 18:41:11] NOTICE: fpm is running, pid 68297
[31-Oct-2022 18:41:11] NOTICE: ready to handle connections
[31-Oct-2022 18:54:32] NOTICE: Terminating ...
[31-Oct-2022 18:54:32] NOTICE: Terminating ...
[31-Oct-2022 18:54:32] NOTICE: exiting, bye-bye!
[01-Nov-2022 20:22:06] NOTICE: fpm is running, pid 57465
[01-Nov-2022 20:22:06] NOTICE: ready to handle connections
[01-Nov-2022 20:48:10] NOTICE: Terminating ...
[01-Nov-2022 20:48:10] NOTICE: Terminating ...
[01-Nov-2022 20:48:10] NOTICE: exiting, bye-bye!
[02-Nov-2022 02:12:12] NOTICE: fpm is running, pid 76402
[02-Nov-2022 02:12:12] NOTICE: ready to handle connections
[02-Nov-2022 02:15:48] NOTICE: Terminating ...
[02-Nov-2022 02:15:48] NOTICE: Terminating ...
[02-Nov-2022 02:15:48] NOTICE: exiting, bye-bye!
[02-Nov-2022 02:15:51] NOTICE: fpm is running, pid 76786
[02-Nov-2022 02:15:51] NOTICE: ready to handle connections
[02-Nov-2022 04:10:53] NOTICE: Terminating ...
[02-Nov-2022 04:10:53] NOTICE: Terminating ...
[02-Nov-2022 04:10:53] NOTICE: exiting, bye-bye!
[03-Nov-2022 18:58:10] NOTICE: fpm is running, pid 74332
[03-Nov-2022 18:58:10] NOTICE: ready to handle connections
[03-Nov-2022 19:41:31] NOTICE: Terminating ...
[03-Nov-2022 19:41:31] NOTICE: Terminating ...
[03-Nov-2022 19:41:31] NOTICE: exiting, bye-bye!
[03-Nov-2022 19:44:12] NOTICE: fpm is running, pid 77153
[03-Nov-2022 19:44:12] NOTICE: ready to handle connections
[03-Nov-2022 20:21:24] NOTICE: Terminating ...
[03-Nov-2022 20:21:24] NOTICE: Terminating ...
[03-Nov-2022 20:21:24] NOTICE: exiting, bye-bye!
[06-Nov-2022 23:38:36] NOTICE: fpm is running, pid 26673
[06-Nov-2022 23:38:36] NOTICE: ready to handle connections
